<?xml version="1.0" encoding="UTF-8"?>
<testng-results skipped="0" failed="0" total="5" passed="5">
  <reporter-output>
  </reporter-output>
  <suite name="Parallel test runs" duration-ms="27032" started-at="2015-01-31T18:13:20Z" finished-at="2015-01-31T18:13:47Z">
    <groups>
    </groups>
    <test name="testFacebook" duration-ms="7039" started-at="2015-01-31T18:13:20Z" finished-at="2015-01-31T18:13:27Z">
      <class name="com.bit.parallel.test.Test01">
        <test-method status="PASS" signature="setUp()[pri:0, instance:com.bit.parallel.test.Test01@3c5a99da]" name="setUp" is-config="true" duration-ms="5549" started-at="2015-01-31T13:13:20Z" finished-at="2015-01-31T13:13:25Z">
          <reporter-output>
          </reporter-output>
        </test-method> <!-- setUp -->
        <test-method status="PASS" signature="testFacebook()[pri:0, instance:com.bit.parallel.test.Test01@3c5a99da]" name="testFacebook" duration-ms="983" started-at="2015-01-31T13:13:25Z" finished-at="2015-01-31T13:13:26Z">
          <reporter-output>
          </reporter-output>
        </test-method> <!-- testFacebook -->
        <test-method status="PASS" signature="closeBrowser()[pri:0, instance:com.bit.parallel.test.Test01@3c5a99da]" name="closeBrowser" is-config="true" duration-ms="496" started-at="2015-01-31T13:13:26Z" finished-at="2015-01-31T13:13:27Z">
          <reporter-output>
          </reporter-output>
        </test-method> <!-- closeBrowser -->
      </class> <!-- com.bit.parallel.test.Test01 -->
    </test> <!-- testFacebook -->
    <test name="testTwitter" duration-ms="12347" started-at="2015-01-31T18:13:20Z" finished-at="2015-01-31T18:13:32Z">
      <class name="com.bit.parallel.test.Test02">
        <test-method status="PASS" signature="setUp()[pri:0, instance:com.bit.parallel.test.Test02@49e4cb85]" name="setUp" is-config="true" duration-ms="11005" started-at="2015-01-31T13:13:20Z" finished-at="2015-01-31T13:13:31Z">
          <reporter-output>
          </reporter-output>
        </test-method> <!-- setUp -->
        <test-method status="PASS" signature="testTwitter()[pri:0, instance:com.bit.parallel.test.Test02@49e4cb85]" name="testTwitter" duration-ms="1175" started-at="2015-01-31T13:13:31Z" finished-at="2015-01-31T13:13:32Z">
          <reporter-output>
          </reporter-output>
        </test-method> <!-- testTwitter -->
        <test-method status="PASS" signature="closeBrowser()[pri:0, instance:com.bit.parallel.test.Test02@49e4cb85]" name="closeBrowser" is-config="true" duration-ms="157" started-at="2015-01-31T13:13:32Z" finished-at="2015-01-31T13:13:32Z">
          <reporter-output>
          </reporter-output>
        </test-method> <!-- closeBrowser -->
      </class> <!-- com.bit.parallel.test.Test02 -->
    </test> <!-- testTwitter -->
    <test name="T_03" duration-ms="9302" started-at="2015-01-31T18:13:27Z" finished-at="2015-01-31T18:13:36Z">
      <class name="com.bit.parallel.test.Test03">
        <test-method status="PASS" signature="setUp()[pri:0, instance:com.bit.parallel.test.Test03@6e8dacdf]" name="setUp" is-config="true" duration-ms="9101" started-at="2015-01-31T13:13:27Z" finished-at="2015-01-31T13:13:36Z">
          <reporter-output>
          </reporter-output>
        </test-method> <!-- setUp -->
        <test-method status="PASS" signature="testLink3()[pri:0, instance:com.bit.parallel.test.Test03@6e8dacdf]" name="testLink3" duration-ms="100" started-at="2015-01-31T13:13:36Z" finished-at="2015-01-31T13:13:36Z">
          <reporter-output>
          </reporter-output>
        </test-method> <!-- testLink3 -->
        <test-method status="PASS" signature="closeBrowser()[pri:0, instance:com.bit.parallel.test.Test03@6e8dacdf]" name="closeBrowser" is-config="true" duration-ms="99" started-at="2015-01-31T13:13:36Z" finished-at="2015-01-31T13:13:36Z">
          <reporter-output>
          </reporter-output>
        </test-method> <!-- closeBrowser -->
      </class> <!-- com.bit.parallel.test.Test03 -->
    </test> <!-- T_03 -->
    <test name="T_04" duration-ms="9959" started-at="2015-01-31T18:13:32Z" finished-at="2015-01-31T18:13:42Z">
      <class name="com.bit.parallel.test.Test04">
        <test-method status="PASS" signature="setUp()[pri:0, instance:com.bit.parallel.test.Test04@39ba5a14]" name="setUp" is-config="true" duration-ms="8589" started-at="2015-01-31T13:13:32Z" finished-at="2015-01-31T13:13:41Z">
          <reporter-output>
          </reporter-output>
        </test-method> <!-- setUp -->
        <test-method status="PASS" signature="testYahoo()[pri:0, instance:com.bit.parallel.test.Test04@39ba5a14]" name="testYahoo" duration-ms="1174" started-at="2015-01-31T13:13:41Z" finished-at="2015-01-31T13:13:42Z">
          <reporter-output>
          </reporter-output>
        </test-method> <!-- testYahoo -->
        <test-method status="PASS" signature="closeBrowser()[pri:0, instance:com.bit.parallel.test.Test04@39ba5a14]" name="closeBrowser" is-config="true" duration-ms="194" started-at="2015-01-31T13:13:42Z" finished-at="2015-01-31T13:13:42Z">
          <reporter-output>
          </reporter-output>
        </test-method> <!-- closeBrowser -->
      </class> <!-- com.bit.parallel.test.Test04 -->
    </test> <!-- T_04 -->
    <test name="T_05" duration-ms="10665" started-at="2015-01-31T18:13:36Z" finished-at="2015-01-31T18:13:47Z">
      <class name="com.bit.parallel.test.Test05">
        <test-method status="PASS" signature="setUp()[pri:0, instance:com.bit.parallel.test.Test05@7e0ea639]" name="setUp" is-config="true" duration-ms="9323" started-at="2015-01-31T13:13:36Z" finished-at="2015-01-31T13:13:45Z">
          <reporter-output>
          </reporter-output>
        </test-method> <!-- setUp -->
        <test-method status="PASS" signature="testBit()[pri:0, instance:com.bit.parallel.test.Test05@7e0ea639]" name="testBit" duration-ms="1248" started-at="2015-01-31T13:13:45Z" finished-at="2015-01-31T13:13:47Z">
          <reporter-output>
          </reporter-output>
        </test-method> <!-- testBit -->
        <test-method status="PASS" signature="closeBrowser()[pri:0, instance:com.bit.parallel.test.Test05@7e0ea639]" name="closeBrowser" is-config="true" duration-ms="93" started-at="2015-01-31T13:13:47Z" finished-at="2015-01-31T13:13:47Z">
          <reporter-output>
          </reporter-output>
        </test-method> <!-- closeBrowser -->
      </class> <!-- com.bit.parallel.test.Test05 -->
    </test> <!-- T_05 -->
  </suite> <!-- Parallel test runs -->
</testng-results>
