<?xml version="1.0" encoding="UTF-8"?>
<!-- Generated by org.testng.reporters.JUnitXMLReporter -->
<testsuite hostname="bittech-PC" name="Default test" tests="5" failures="0" timestamp="31 Jan 2015 18:11:17 GMT" time="30.804" errors="0">
  <testcase name="testBit" time="1.426" classname="com.bit.parallel.test.Test05"/>
  <testcase name="testFacebook" time="1.09" classname="com.bit.parallel.test.Test01"/>
  <testcase name="testTwitter" time="1.25" classname="com.bit.parallel.test.Test02"/>
  <testcase name="testLink3" time="0.123" classname="com.bit.parallel.test.Test03"/>
  <testcase name="testYahoo" time="1.203" classname="com.bit.parallel.test.Test04"/>
</testsuite> <!-- Default test -->
