<?xml version="1.0" encoding="UTF-8"?>
<testng-results skipped="0" failed="0" total="2" passed="2">
  <reporter-output>
  </reporter-output>
  <suite name="Default suite" duration-ms="23094" started-at="2014-12-20T20:35:33Z" finished-at="2014-12-20T20:35:56Z">
    <groups>
    </groups>
    <test name="Default test" duration-ms="23094" started-at="2014-12-20T20:35:33Z" finished-at="2014-12-20T20:35:56Z">
      <class name="SmokeTest">
        <test-method status="PASS" signature="start()[pri:0, instance:SmokeTest@649d209a]" name="start" is-config="true" duration-ms="22517" started-at="2014-12-20T15:35:33Z" finished-at="2014-12-20T15:35:55Z">
          <reporter-output>
          </reporter-output>
        </test-method> <!-- start -->
        <test-method status="PASS" signature="testlogin(int, java.lang.String)[pri:0, instance:SmokeTest@649d209a]" name="testlogin" duration-ms="16" started-at="2014-12-20T15:35:55Z" data-provider="getdata" finished-at="2014-12-20T15:35:55Z">
          <params>
            <param index="0">
              <value>
                <![CDATA[5]]>
              </value>
            </param>
            <param index="1">
              <value>
                <![CDATA[hg]]>
              </value>
            </param>
          </params>
          <reporter-output>
          </reporter-output>
        </test-method> <!-- testlogin -->
        <test-method status="PASS" signature="testlogin(int, java.lang.String)[pri:0, instance:SmokeTest@649d209a]" name="testlogin" duration-ms="2" started-at="2014-12-20T15:35:55Z" data-provider="getdata" finished-at="2014-12-20T15:35:55Z">
          <params>
            <param index="0">
              <value>
                <![CDATA[8]]>
              </value>
            </param>
            <param index="1">
              <value>
                <![CDATA[gh]]>
              </value>
            </param>
          </params>
          <reporter-output>
          </reporter-output>
        </test-method> <!-- testlogin -->
        <test-method status="PASS" signature="end()[pri:0, instance:SmokeTest@649d209a]" name="end" is-config="true" duration-ms="510" started-at="2014-12-20T15:35:55Z" finished-at="2014-12-20T15:35:56Z">
          <reporter-output>
          </reporter-output>
        </test-method> <!-- end -->
      </class> <!-- SmokeTest -->
    </test> <!-- Default test -->
  </suite> <!-- Default suite -->
</testng-results>
